01:49:50.379 [main] INFO  resources.Base - House warming gift card selected
01:49:51.227 [main] INFO  resources.Base - cost selected
01:49:51.414 [main] INFO  resources.Base - next button clicked
01:49:51.414 [main] INFO  resources.Base - testcase 13 passed
14:17:19.628 [main] INFO  resources.Base - Home page started
14:17:20.804 [main] INFO  resources.Base - url initialized
14:17:20.805 [main] INFO  resources.Base - Starting test case 1
14:17:20.937 [main] INFO  resources.Base - pop up closed
14:17:24.277 [main] INFO  resources.Base - page scrolled
14:17:24.277 [main] INFO  resources.Base - tc1 passed
14:17:28.012 [main] INFO  resources.Base - Home page started
14:17:28.665 [main] INFO  resources.Base - url initialized
14:17:28.672 [main] INFO  resources.Base - Starting test case 1
14:17:30.066 [main] INFO  resources.Base - test case 2 started
14:17:30.066 [main] INFO  resources.Base - stories button visible and clicked
14:17:30.566 [main] INFO  resources.Base - test case 2 passed
14:17:34.370 [main] INFO  resources.Base - Home page started
14:17:35.042 [main] INFO  resources.Base - url initialized
14:17:35.043 [main] INFO  resources.Base - Starting test case 1
14:17:36.214 [main] INFO  resources.Base - testcase 3 started
14:17:36.768 [main] INFO  resources.Base - image clicked
14:17:37.800 [main] INFO  resources.Base - image closed
14:17:37.800 [main] INFO  resources.Base - tc3 passed
14:17:41.939 [main] INFO  resources.Base - Home page started
14:17:42.614 [main] INFO  resources.Base - url initialized
14:17:42.615 [main] INFO  resources.Base - Starting test case 1
14:17:43.759 [main] INFO  resources.Base - testcase 3 started
14:17:44.265 [main] INFO  resources.Base - image clicked
14:17:44.279 [main] INFO  resources.Base - image clicked
14:17:44.280 [main] INFO  resources.Base - testcase 4 passed
14:17:49.303 [main] INFO  resources.Base - Home page started
14:17:50.164 [main] INFO  resources.Base - url initialized
14:17:50.166 [main] INFO  resources.Base - Starting test case 1
14:17:50.219 [main] INFO  resources.Base - test case 6 started
14:17:55.917 [main] INFO  resources.Base - Home page started
14:17:56.995 [main] INFO  resources.Base - url initialized
14:17:56.996 [main] INFO  resources.Base - Starting test case 1
14:17:57.024 [main] INFO  resources.Base - test case 6 started
14:17:58.112 [main] INFO  resources.Base - data entered
14:17:59.379 [main] INFO  resources.Base - enter button clicked
14:17:59.380 [main] INFO  resources.Base - test case 6 passed
14:18:04.251 [main] INFO  resources.Base - Home page started
14:18:05.324 [main] INFO  resources.Base - url initialized
14:18:05.324 [main] INFO  resources.Base - Starting test case 1
14:18:05.363 [main] INFO  resources.Base - test case 6 started
14:18:05.852 [main] INFO  resources.Base - data entered
14:18:07.303 [main] INFO  resources.Base - enter button clicked
14:18:07.303 [main] INFO  resources.Base - test case 6 passed
14:18:07.306 [main] INFO  resources.Base - test case 7 started
14:18:09.357 [main] INFO  resources.Base - drop down verified
14:18:09.360 [main] INFO  resources.Base - assertion started
14:18:09.360 [main] INFO  resources.Base - testcase 7 completed
14:18:15.230 [main] INFO  resources.Base - Home page started
14:18:16.016 [main] INFO  resources.Base - url initialized
14:18:16.016 [main] INFO  resources.Base - Starting test case 1
14:18:16.062 [main] INFO  resources.Base - test case 8 started
14:18:16.643 [main] INFO  resources.Base - element clicked
14:18:16.651 [main] INFO  resources.Base - changing to child window
14:18:18.418 [main] INFO  resources.Base - location selected
14:18:23.374 [main] INFO  resources.Base - Home page started
14:18:24.318 [main] INFO  resources.Base - url initialized
14:18:24.319 [main] INFO  resources.Base - Starting test case 1
14:18:24.348 [main] INFO  resources.Base - test case 9 started
14:18:35.746 [main] INFO  resources.Base - Home page started
14:18:36.754 [main] INFO  resources.Base - url initialized
14:18:36.755 [main] INFO  resources.Base - Starting test case 1
14:18:36.799 [main] INFO  resources.Base - test case 10 started
14:18:39.542 [main] INFO  resources.Base - item selected
14:18:40.650 [main] INFO  resources.Base - item1 selected for compare
14:18:41.117 [main] INFO  resources.Base - item1 selected for compare
14:18:41.283 [main] INFO  resources.Base - items compared
14:18:55.211 [main] INFO  resources.Base - Home page started
14:18:57.322 [main] INFO  resources.Base - url initialized
14:18:57.323 [main] INFO  resources.Base - Starting test case 1
14:18:57.349 [main] INFO  resources.Base - testcase 11 started
14:18:57.477 [main] INFO  resources.Base - study button clicked
14:19:18.210 [main] INFO  resources.Base - Home page started
14:19:18.951 [main] INFO  resources.Base - url initialized
14:19:18.952 [main] INFO  resources.Base - Starting test case 1
14:19:19.010 [main] INFO  resources.Base - pop up closed
14:19:22.088 [main] INFO  resources.Base - page scrolled
14:19:22.088 [main] INFO  resources.Base - tc1 passed
14:19:27.368 [main] INFO  resources.Base - Home page started
14:19:28.520 [main] INFO  resources.Base - url initialized
14:19:28.521 [main] INFO  resources.Base - Starting test case 1
14:19:30.473 [main] INFO  resources.Base - test case 2 started
14:19:30.473 [main] INFO  resources.Base - stories button visible and clicked
14:19:31.096 [main] INFO  resources.Base - test case 2 passed
14:19:36.171 [main] INFO  resources.Base - Home page started
14:19:36.896 [main] INFO  resources.Base - url initialized
14:19:36.897 [main] INFO  resources.Base - Starting test case 1
14:19:38.783 [main] INFO  resources.Base - testcase 3 started
14:19:39.244 [main] INFO  resources.Base - image clicked
14:19:39.605 [main] INFO  resources.Base - image closed
14:19:39.605 [main] INFO  resources.Base - tc3 passed
14:19:44.342 [main] INFO  resources.Base - Home page started
14:19:45.152 [main] INFO  resources.Base - url initialized
14:19:45.153 [main] INFO  resources.Base - Starting test case 1
14:19:46.572 [main] INFO  resources.Base - testcase 3 started
14:19:47.206 [main] INFO  resources.Base - image clicked
14:19:47.208 [main] INFO  resources.Base - image clicked
14:19:47.208 [main] INFO  resources.Base - testcase 4 passed
14:19:51.787 [main] INFO  resources.Base - Home page started
14:19:52.620 [main] INFO  resources.Base - url initialized
14:19:52.621 [main] INFO  resources.Base - Starting test case 1
14:19:52.660 [main] INFO  resources.Base - test case 6 started
14:19:59.027 [main] INFO  resources.Base - Home page started
14:20:00.048 [main] INFO  resources.Base - url initialized
14:20:00.049 [main] INFO  resources.Base - Starting test case 1
14:20:00.087 [main] INFO  resources.Base - test case 6 started
14:20:00.689 [main] INFO  resources.Base - data entered
14:20:02.014 [main] INFO  resources.Base - enter button clicked
14:20:02.014 [main] INFO  resources.Base - test case 6 passed
14:20:05.799 [main] INFO  resources.Base - Home page started
14:20:06.439 [main] INFO  resources.Base - url initialized
14:20:06.439 [main] INFO  resources.Base - Starting test case 1
14:20:06.465 [main] INFO  resources.Base - test case 6 started
14:20:06.662 [main] INFO  resources.Base - data entered
14:20:08.075 [main] INFO  resources.Base - enter button clicked
14:20:08.075 [main] INFO  resources.Base - test case 6 passed
14:20:08.077 [main] INFO  resources.Base - test case 7 started
14:20:09.905 [main] INFO  resources.Base - drop down verified
14:20:09.908 [main] INFO  resources.Base - assertion started
14:20:09.909 [main] INFO  resources.Base - testcase 7 completed
14:20:13.680 [main] INFO  resources.Base - Home page started
14:20:14.527 [main] INFO  resources.Base - url initialized
14:20:14.528 [main] INFO  resources.Base - Starting test case 1
14:20:14.605 [main] INFO  resources.Base - test case 8 started
14:20:15.539 [main] INFO  resources.Base - element clicked
14:20:15.540 [main] INFO  resources.Base - changing to child window
14:20:16.869 [main] INFO  resources.Base - location selected
14:20:20.750 [main] INFO  resources.Base - Home page started
14:20:21.359 [main] INFO  resources.Base - url initialized
14:20:21.360 [main] INFO  resources.Base - Starting test case 1
14:20:21.392 [main] INFO  resources.Base - test case 9 started
14:20:35.946 [main] INFO  resources.Base - Home page started
14:20:36.550 [main] INFO  resources.Base - url initialized
